<?xml version="1.0" encoding="UTF-8"?>
<!-- Generated by org.testng.reporters.JUnitReportReporter -->
<testsuite skipped="0" hostname="verveba_pune_10" name="cdigitsTC_UI.DialPad_Tests" tests="1" failures="0" timestamp="23 Jan 2020 14:29:08 GMT" time="70.789" errors="0">
  <testcase name="UI_43803_CheckDialPad" time="70.789" classname="cdigitsTC_UI.DialPad_Tests"/>
</testsuite> <!-- cdigitsTC_UI.DialPad_Tests -->
