<?xml version="1.0" encoding="UTF-8"?>
<!-- Generated by org.testng.reporters.JUnitReportReporter -->
<testsuite skipped="0" hostname="verveba_pune_10" name="cDigitsTC_Misc.Misc_Tests" tests="1" failures="0" timestamp="01 Nov 2019 19:05:32 GMT" time="99.477" errors="0">
  <testcase name="Misc_88_VerifyEveryLineReceivedMessage" time="99.477" classname="cDigitsTC_Misc.Misc_Tests"/>
</testsuite> <!-- cDigitsTC_Misc.Misc_Tests -->
