<?xml version="1.0" encoding="UTF-8"?>
<!-- Generated by org.testng.reporters.JUnitReportReporter -->
<testsuite skipped="0" hostname="LAPTOP-PBBD9CU0" name="cDigitsTC_Messaging.TextMessages_Tests" tests="1" failures="0" timestamp="08 Jul 2019 15:23:02 GMT" time="34.034" errors="0">
  <testcase name="Messaging_43899_TestSendMessage" time="34.034" classname="cDigitsTC_Messaging.TextMessages_Tests"/>
</testsuite> <!-- cDigitsTC_Messaging.TextMessages_Tests -->
