<?xml version="1.0" encoding="UTF-8"?>
<!-- Generated by org.testng.reporters.JUnitReportReporter -->
<testsuite skipped="0" hostname="DESKTOP-AMC0CO2" name="cdigitsTC_UI.Tablet_DrawerMenu_Tests" tests="1" failures="0" timestamp="03 Feb 2020 19:17:50 GMT" time="60.736" errors="0">
  <testcase name="UI_46106_CheckTabVoicemailPinChange" time="60.736" classname="cdigitsTC_UI.Tablet_DrawerMenu_Tests"/>
</testsuite> <!-- cdigitsTC_UI.Tablet_DrawerMenu_Tests -->
