<?xml version="1.0" encoding="UTF-8"?>
<!-- Generated by org.testng.reporters.JUnitReportReporter -->
<testsuite skipped="0" hostname="verveba_pune_10" name="cdigitsTC_UI.Calls_Tests" tests="2" failures="0" timestamp="23 Jan 2020 14:29:08 GMT" time="156.540" errors="0">
  <testcase name="UI_43806_CheckVoicemail" time="92.484" classname="cdigitsTC_UI.Calls_Tests"/>
  <testcase name="UI_43805_CheckMissedCallLogOrder" time="64.056" classname="cdigitsTC_UI.Calls_Tests"/>
</testsuite> <!-- cdigitsTC_UI.Calls_Tests -->
