<?xml version="1.0" encoding="UTF-8"?>
<!-- Generated by org.testng.reporters.JUnitReportReporter -->
<testsuite skipped="0" hostname="LAPTOP-PBBD9CU0" name="cDigitsTC_Messaging.LTE_LTE_SameOS" tests="1" failures="0" timestamp="22 Oct 2019 12:23:56 GMT" time="98.944" errors="0">
  <testcase name="Messaging_49661_SendPageModeTextMessageMOReceivedMT1to1" time="98.944" classname="cDigitsTC_Messaging.LTE_LTE_SameOS"/>
</testsuite> <!-- cDigitsTC_Messaging.LTE_LTE_SameOS -->
