<?xml version="1.0" encoding="UTF-8"?>
<!-- Generated by org.testng.reporters.JUnitReportReporter -->
<testsuite skipped="0" hostname="DESKTOP-AMC0CO2" name="cdigitsTC_UI.Tablet_Messages_Tests" tests="1" failures="0" timestamp="03 Feb 2020 18:07:28 GMT" time="47.048" errors="0">
  <testcase name="UI_46099_ChecktTabMessagesTabScroll" time="47.048" classname="cdigitsTC_UI.Tablet_Messages_Tests"/>
</testsuite> <!-- cdigitsTC_UI.Tablet_Messages_Tests -->
