<?xml version="1.0" encoding="UTF-8"?>
<!-- Generated by org.testng.reporters.JUnitReportReporter -->
<testsuite skipped="0" hostname="verveba_pune_10" name="cdigitsTC_UI.Messages_Tests" tests="1" failures="0" timestamp="23 Jan 2020 14:29:08 GMT" time="52.941" errors="0">
  <testcase name="UI_43807_CheckMessagesTabScroll" time="52.941" classname="cdigitsTC_UI.Messages_Tests"/>
</testsuite> <!-- cdigitsTC_UI.Messages_Tests -->
