<?xml version="1.0" encoding="UTF-8"?>
<!-- Generated by org.testng.reporters.JUnitReportReporter -->
<testsuite skipped="0" hostname="DESKTOP-AMC0CO2" name="cDigitsTC_Misc.Misc_TEST_AndroidPhone" tests="3" failures="0" timestamp="28 Jan 2020 13:49:44 GMT" time="131.417" errors="0">
  <testcase name="Misc_94_CheckSearchContactByNumber" time="42.722" classname="cDigitsTC_Misc.Misc_TEST_AndroidPhone"/>
  <testcase name="Misc_93_CheckSearchContactByLastName" time="42.438" classname="cDigitsTC_Misc.Misc_TEST_AndroidPhone"/>
  <testcase name="Misc_92_CheckSearchContactByFirstName" time="46.257" classname="cDigitsTC_Misc.Misc_TEST_AndroidPhone"/>
</testsuite> <!-- cDigitsTC_Misc.Misc_TEST_AndroidPhone -->
