<?xml version="1.0" encoding="UTF-8"?>
<!-- Generated by org.testng.reporters.JUnitReportReporter -->
<testsuite skipped="0" hostname="DESKTOP-AMC0CO2" name="cDigitsTC_Misc.Misc_TEST_Tablet" tests="1" failures="0" timestamp="28 Jan 2020 14:12:24 GMT" time="37.508" errors="0">
  <testcase name="Misc_97_CheckTabSearchContactByNumber" time="37.508" classname="cDigitsTC_Misc.Misc_TEST_Tablet"/>
</testsuite> <!-- cDigitsTC_Misc.Misc_TEST_Tablet -->
