<?xml version="1.0" encoding="UTF-8"?>
<!-- Generated by org.testng.reporters.JUnitReportReporter -->
<testsuite skipped="0" hostname="DESKTOP-JF602DO" name="RESTAPI_bdd.API_get" tests="1" failures="0" timestamp="05 Jul 2020 18:20:32 GMT" time="3.574" errors="0">
  <testcase name="get_singleUser" time="3.574" classname="RESTAPI_bdd.API_get"/>
</testsuite> <!-- RESTAPI_bdd.API_get -->
