<?xml version="1.0" encoding="UTF-8"?>
<!-- Generated by org.testng.reporters.JUnitReportReporter -->
<testsuite skipped="0" hostname="DESKTOP-JF602DO" name="functionalTestcase.sprint2" tests="1" failures="0" timestamp="26 Jul 2019 18:48:13 GMT" time="20.570" errors="0">
  <testcase name="tc01" time="20.570" classname="functionalTestcase.sprint2"/>
</testsuite> <!-- functionalTestcase.sprint2 -->
